<?xml version="1.0" encoding="UTF-8" standalone="yes"?>
<testsuite errors="1" failures="2" hostName="QAauto4-PC" name="JSystem Reporter" tests="37" time="1722.821" timeStamp="Mon May 15 13:06:36 IDT 2017">
    <testcase classname="com.webydo.automation.dashboard.systemtests.loginArea.LoginTest" name="registerUI" time="36.164"/>
    <testcase classname="com.webydo.automation.dashboard.systemtests.loginArea.LoginTest" name="registerFieldsValidation" time="152.713">
        <failure message="Fail report was submitted" type="class junit.framework.AssertionFailedError">junit.framework.AssertionFailedError: Fail report was submitted
    at junit.framework.JSystemJUnit4ClassRunner.jsystemEndTest(JSystemJUnit4ClassRunner.java:212)
    at junit.framework.JSystemJUnit4ClassRunner.access$100(JSystemJUnit4ClassRunner.java:31)
    at junit.framework.JSystemJUnit4ClassRunner$TestListenerAdapter.testFinished(JSystemJUnit4ClassRunner.java:165)
    at org.junit.runner.notification.RunNotifier$7.notifyListener(RunNotifier.java:145)
    at org.junit.runner.notification.RunNotifier$SafeNotifier.run(RunNotifier.java:41)
    at org.junit.runner.notification.RunNotifier.fireTestFinished(RunNotifier.java:142)
    at org.junit.internal.runners.MethodRoadie.run(MethodRoadie.java:51)
    at org.junit.internal.runners.JUnit4ClassRunner.invokeTestMethod(JUnit4ClassRunner.java:98)
    at org.junit.internal.runners.JUnit4ClassRunner.runMethods(JUnit4ClassRunner.java:61)
    at org.junit.internal.runners.JUnit4ClassRunner$1.run(JUnit4ClassRunner.java:54)
    at org.junit.internal.runners.ClassRoadie.runUnprotected(ClassRoadie.java:34)
    at org.junit.internal.runners.ClassRoadie.runProtected(ClassRoadie.java:44)
    at org.junit.internal.runners.JUnit4ClassRunner.run(JUnit4ClassRunner.java:52)
    at junit.framework.JSystemJUnit4ClassRunner.run(JSystemJUnit4ClassRunner.java:250)
    at junit.framework.JUnit4TestAdapterForJSystem.run(JUnit4TestAdapterForJSystem.java:86)
    at com.aqua.anttask.jsystem.JUnitTestRunner.run(JUnitTestRunner.java:461)
    at com.aqua.anttask.jsystem.JSystemTask.executeInVM(JSystemTask.java:1388)
    at com.aqua.anttask.jsystem.JSystemTask.execute(JSystemTask.java:957)
    at com.aqua.anttask.jsystem.JSystemTask.executeOrQueue(JSystemTask.java:1806)
    at com.aqua.anttask.jsystem.JSystemTask.execute(JSystemTask.java:897)
    at org.apache.tools.ant.UnknownElement.execute(UnknownElement.java:288)
    at sun.reflect.GeneratedMethodAccessor25.invoke(Unknown Source)
    at sun.reflect.DelegatingMethodAccessorImpl.invoke(DelegatingMethodAccessorImpl.java:43)
    at java.lang.reflect.Method.invoke(Method.java:498)
    at org.apache.tools.ant.dispatch.DispatchUtils.execute(DispatchUtils.java:105)
    at org.apache.tools.ant.Task.perform(Task.java:348)
    at org.apache.tools.ant.Target.execute(Target.java:357)
    at org.apache.tools.ant.Target.performTasks(Target.java:385)
    at org.apache.tools.ant.Project.executeSortedTargets(Project.java:1329)
    at org.apache.tools.ant.helper.SingleCheckExecutor.executeTargets(SingleCheckExecutor.java:38)
    at org.apache.tools.ant.Project.executeTargets(Project.java:1181)
    at org.apache.tools.ant.taskdefs.Ant.execute(Ant.java:416)
    at net.sf.antcontrib.logic.AntCallBack.execute(AntCallBack.java:54)
    at org.apache.tools.ant.UnknownElement.execute(UnknownElement.java:288)
    at sun.reflect.GeneratedMethodAccessor25.invoke(Unknown Source)
    at sun.reflect.DelegatingMethodAccessorImpl.invoke(DelegatingMethodAccessorImpl.java:43)
    at java.lang.reflect.Method.invoke(Method.java:498)
    at org.apache.tools.ant.dispatch.DispatchUtils.execute(DispatchUtils.java:105)
    at org.apache.tools.ant.Task.perform(Task.java:348)
    at org.apache.tools.ant.Target.execute(Target.java:357)
    at org.apache.tools.ant.Target.performTasks(Target.java:385)
    at org.apache.tools.ant.Project.executeSortedTargets(Project.java:1329)
    at org.apache.tools.ant.Project.executeTarget(Project.java:1298)
    at org.jsystemtest.plugin.JSystemMojo.executeSingleScenario(JSystemMojo.java:167)
    at org.jsystemtest.plugin.JSystemMojo.execute(JSystemMojo.java:132)
    at org.apache.maven.plugin.DefaultBuildPluginManager.executeMojo(DefaultBuildPluginManager.java:134)
    at org.apache.maven.lifecycle.internal.MojoExecutor.execute(MojoExecutor.java:207)
    at org.apache.maven.lifecycle.internal.MojoExecutor.execute(MojoExecutor.java:153)
    at org.apache.maven.lifecycle.internal.MojoExecutor.execute(MojoExecutor.java:145)
    at org.apache.maven.lifecycle.internal.LifecycleModuleBuilder.buildProject(LifecycleModuleBuilder.java:116)
    at org.apache.maven.lifecycle.internal.LifecycleModuleBuilder.buildProject(LifecycleModuleBuilder.java:80)
    at org.apache.maven.lifecycle.internal.builder.singlethreaded.SingleThreadedBuilder.build(SingleThreadedBuilder.java:51)
    at org.apache.maven.lifecycle.internal.LifecycleStarter.execute(LifecycleStarter.java:128)
    at org.apache.maven.DefaultMaven.doExecute(DefaultMaven.java:307)
    at org.apache.maven.DefaultMaven.doExecute(DefaultMaven.java:193)
    at org.apache.maven.DefaultMaven.execute(DefaultMaven.java:106)
    at org.apache.maven.cli.MavenCli.execute(MavenCli.java:863)
    at org.apache.maven.cli.MavenCli.doMain(MavenCli.java:288)
    at org.apache.maven.cli.MavenCli.main(MavenCli.java:199)
    at sun.reflect.NativeMethodAccessorImpl.invoke0(Native Method)
    at sun.reflect.NativeMethodAccessorImpl.invoke(NativeMethodAccessorImpl.java:62)
    at sun.reflect.DelegatingMethodAccessorImpl.invoke(DelegatingMethodAccessorImpl.java:43)
    at java.lang.reflect.Method.invoke(Method.java:498)
    at org.codehaus.plexus.classworlds.launcher.Launcher.launchEnhanced(Launcher.java:289)
    at org.codehaus.plexus.classworlds.launcher.Launcher.launch(Launcher.java:229)
    at org.codehaus.plexus.classworlds.launcher.Launcher.mainWithExitCode(Launcher.java:415)
    at org.codehaus.plexus.classworlds.launcher.Launcher.main(Launcher.java:356)
        </failure>
    </testcase>
    <testcase classname="com.webydo.automation.dashboard.systemtests.loginArea.LoginTest" name="registerLanguages" time="65.134"/>
    <testcase classname="com.webydo.automation.dashboard.systemtests.loginArea.LoginTest" name="registerLinks" time="46.437"/>
    <testcase classname="com.webydo.automation.dashboard.systemtests.loginArea.LoginTest" name="loginUI" time="27.94"/>
    <testcase classname="com.webydo.automation.dashboard.systemtests.loginArea.LoginTest" name="loginValidation" time="37.339"/>
    <testcase classname="com.webydo.automation.dashboard.systemtests.loginArea.LoginTest" name="forgotPassword" time="69.638"/>
    <testcase classname="com.webydo.automation.dashboard.systemtests.loginArea.LoginTest" name="loginLanguages" time="48.732"/>
    <testcase classname="com.webydo.automation.dashboard.systemtests.loginArea.SignInOut" name="signInTest" time="51.614"/>
    <testcase classname="com.webydo.automation.dashboard.systemtests.InitDashboardTest" name="dashboardPageState" time="14.532"/>
    <testcase classname="com.webydo.automation.dashboard.systemtests.MySitesGeneralTest" name="siteInboxPopup" time="14.688"/>
    <testcase classname="com.webydo.automation.dashboard.systemtests.MySitesGeneralTest" name="changeLanguageTest" time="47.62"/>
    <testcase classname="com.webydo.automation.dashboard.systemtests.MySitesGeneralTest" name="contactSupport" time="18.206"/>
    <testcase classname="com.webydo.automation.dashboard.systemtests.MySitesGeneralTest" name="searchSite" time="45.505"/>
    <testcase classname="com.webydo.automation.dashboard.systemtests.MySitesGeneralTest" name="advancedSearchSite" time="27.299"/>
    <testcase classname="com.webydo.automation.dashboard.systemtests.MySitesGeneralTest" name="switchPageUsingPageNumbers" time="11.611"/>
    <testcase classname="com.webydo.automation.dashboard.systemtests.MySitesGeneralTest" name="sendPaymetRequest" time="30.553"/>
    <testcase classname="com.webydo.automation.dashboard.systemtests.dashboardSite.GeneralSettings" name="siteTitleTest" time="26.818"/>
    <testcase classname="com.webydo.automation.dashboard.systemtests.dashboardSite.GeneralSettings" name="siteLogoTest" time="24.848"/>
    <testcase classname="com.webydo.automation.dashboard.systemtests.dashboardSite.GeneralSettings" name="siteStatusTest" time="68.405"/>
    <testcase classname="com.webydo.automation.dashboard.systemtests.dashboardSite.GeneralSettings" name="exportSiteTest" time="29.909"/>
    <testcase classname="com.webydo.automation.dashboard.systemtests.dashboardSite.CmsSettings" name="addCmsUserTest" time="26.449"/>
    <testcase classname="com.webydo.automation.dashboard.systemtests.MyAccountTests" name="myAccountChangePassword" time="73.0"/>
    <testcase classname="com.webydo.automation.dashboard.systemtests.dashboardSite.RedirectionSettings" name="addNewRedirectionTest" time="59.025"/>
    <testcase classname="com.webydo.automation.dashboard.systemtests.MyAccountTests" name="myAccountAddRemoveNewDesignerAccount" time="62.85">
        <failure message="Fail report was submitted" type="class junit.framework.AssertionFailedError">
            junit.framework.AssertionFailedError: Fail report was submitted
    at junit.framework.JSystemJUnit4ClassRunner.jsystemEndTest(JSystemJUnit4ClassRunner.java:212)
    at junit.framework.JSystemJUnit4ClassRunner.access$100(JSystemJUnit4ClassRunner.java:31)
    at junit.framework.JSystemJUnit4ClassRunner$TestListenerAdapter.testFinished(JSystemJUnit4ClassRunner.java:165)
    at org.junit.runner.notification.RunNotifier$7.notifyListener(RunNotifier.java:145)
    at org.junit.runner.notification.RunNotifier$SafeNotifier.run(RunNotifier.java:41)
    at org.junit.runner.notification.RunNotifier.fireTestFinished(RunNotifier.java:142)
    at org.junit.internal.runners.MethodRoadie.run(MethodRoadie.java:51)
    at org.junit.internal.runners.JUnit4ClassRunner.invokeTestMethod(JUnit4ClassRunner.java:98)
    at org.junit.internal.runners.JUnit4ClassRunner.runMethods(JUnit4ClassRunner.java:61)
    at org.junit.internal.runners.JUnit4ClassRunner$1.run(JUnit4ClassRunner.java:54)
    at org.junit.internal.runners.ClassRoadie.runUnprotected(ClassRoadie.java:34)
    at org.junit.internal.runners.ClassRoadie.runProtected(ClassRoadie.java:44)
    at org.junit.internal.runners.JUnit4ClassRunner.run(JUnit4ClassRunner.java:52)
    at junit.framework.JSystemJUnit4ClassRunner.run(JSystemJUnit4ClassRunner.java:250)
    at junit.framework.JUnit4TestAdapterForJSystem.run(JUnit4TestAdapterForJSystem.java:86)
    at com.aqua.anttask.jsystem.JUnitTestRunner.run(JUnitTestRunner.java:461)
    at com.aqua.anttask.jsystem.JSystemTask.executeInVM(JSystemTask.java:1388)
    at com.aqua.anttask.jsystem.JSystemTask.execute(JSystemTask.java:957)
    at com.aqua.anttask.jsystem.JSystemTask.executeOrQueue(JSystemTask.java:1806)
    at com.aqua.anttask.jsystem.JSystemTask.execute(JSystemTask.java:897)
    at org.apache.tools.ant.UnknownElement.execute(UnknownElement.java:288)
    at sun.reflect.GeneratedMethodAccessor25.invoke(Unknown Source)
    at sun.reflect.DelegatingMethodAccessorImpl.invoke(DelegatingMethodAccessorImpl.java:43)
    at java.lang.reflect.Method.invoke(Method.java:498)
    at org.apache.tools.ant.dispatch.DispatchUtils.execute(DispatchUtils.java:105)
    at org.apache.tools.ant.Task.perform(Task.java:348)
    at org.apache.tools.ant.Target.execute(Target.java:357)
    at org.apache.tools.ant.Target.performTasks(Target.java:385)
    at org.apache.tools.ant.Project.executeSortedTargets(Project.java:1329)
    at org.apache.tools.ant.helper.SingleCheckExecutor.executeTargets(SingleCheckExecutor.java:38)
    at org.apache.tools.ant.Project.executeTargets(Project.java:1181)
    at org.apache.tools.ant.taskdefs.Ant.execute(Ant.java:416)
    at net.sf.antcontrib.logic.AntCallBack.execute(AntCallBack.java:54)
    at org.apache.tools.ant.UnknownElement.execute(UnknownElement.java:288)
    at sun.reflect.GeneratedMethodAccessor25.invoke(Unknown Source)
    at sun.reflect.DelegatingMethodAccessorImpl.invoke(DelegatingMethodAccessorImpl.java:43)
    at java.lang.reflect.Method.invoke(Method.java:498)
    at org.apache.tools.ant.dispatch.DispatchUtils.execute(DispatchUtils.java:105)
    at org.apache.tools.ant.Task.perform(Task.java:348)
    at org.apache.tools.ant.Target.execute(Target.java:357)
    at org.apache.tools.ant.Target.performTasks(Target.java:385)
    at org.apache.tools.ant.Project.executeSortedTargets(Project.java:1329)
    at org.apache.tools.ant.Project.executeTarget(Project.java:1298)
    at org.jsystemtest.plugin.JSystemMojo.executeSingleScenario(JSystemMojo.java:167)
    at org.jsystemtest.plugin.JSystemMojo.execute(JSystemMojo.java:132)
    at org.apache.maven.plugin.DefaultBuildPluginManager.executeMojo(DefaultBuildPluginManager.java:134)
    at org.apache.maven.lifecycle.internal.MojoExecutor.execute(MojoExecutor.java:207)
    at org.apache.maven.lifecycle.internal.MojoExecutor.execute(MojoExecutor.java:153)
    at org.apache.maven.lifecycle.internal.MojoExecutor.execute(MojoExecutor.java:145)
    at org.apache.maven.lifecycle.internal.LifecycleModuleBuilder.buildProject(LifecycleModuleBuilder.java:116)
    at org.apache.maven.lifecycle.internal.LifecycleModuleBuilder.buildProject(LifecycleModuleBuilder.java:80)
    at org.apache.maven.lifecycle.internal.builder.singlethreaded.SingleThreadedBuilder.build(SingleThreadedBuilder.java:51)
    at org.apache.maven.lifecycle.internal.LifecycleStarter.execute(LifecycleStarter.java:128)
    at org.apache.maven.DefaultMaven.doExecute(DefaultMaven.java:307)
    at org.apache.maven.DefaultMaven.doExecute(DefaultMaven.java:193)
    at org.apache.maven.DefaultMaven.execute(DefaultMaven.java:106)
    at org.apache.maven.cli.MavenCli.execute(MavenCli.java:863)
    at org.apache.maven.cli.MavenCli.doMain(MavenCli.java:288)
    at org.apache.maven.cli.MavenCli.main(MavenCli.java:199)
    at sun.reflect.NativeMethodAccessorImpl.invoke0(Native Method)
    at sun.reflect.NativeMethodAccessorImpl.invoke(NativeMethodAccessorImpl.java:62)
    at sun.reflect.DelegatingMethodAccessorImpl.invoke(DelegatingMethodAccessorImpl.java:43)
    at java.lang.reflect.Method.invoke(Method.java:498)
    at org.codehaus.plexus.classworlds.launcher.Launcher.launchEnhanced(Launcher.java:289)
    at org.codehaus.plexus.classworlds.launcher.Launcher.launch(Launcher.java:229)
    at org.codehaus.plexus.classworlds.launcher.Launcher.mainWithExitCode(Launcher.java:415)
    at org.codehaus.plexus.classworlds.launcher.Launcher.main(Launcher.java:356)
        </failure>
    </testcase>
    <testcase classname="com.webydo.automation.dashboard.systemtests.MyPricingPlanTests" name="myPricingPlanUI" time="46.184"/>
    <testcase classname="com.webydo.automation.dashboard.systemtests.MyBrandingTest" name="dashboardLogoAddRemove" time="84.672"/>
    <testcase classname="com.webydo.automation.dashboard.systemtests.MyBrandingTest" name="addANewDomainUI" time="14.791"/>
    <testcase classname="com.webydo.automation.dashboard.systemtests.MyBrandingTest" name="addANewDomainAddRemove" time="95.097"/>
    <testcase classname="com.webydo.automation.dashboard.systemtests.MyAccountTests" name="myTeamChangeTeamUserPassword" time="66.243"/>
    <testcase classname="com.webydo.automation.dashboard.systemtests.ShareTests" name="chooseWebsiteTest" time="21.658"/>
    <testcase classname="com.webydo.automation.dashboard.systemtests.MyAccountTests" name="myAccountChangeEmailAddress" time="81.732"/>
    <testcase classname="com.webydo.automation.dashboard.systemtests.dashboardSite.DomainAndEmailSettings" name="manageDomainLinkTest" time="51.101">
        <error message="Timed out after 45 seconds waiting for element to be clickable: By.cssSelector: .remember_me li span
Build info: version: '2.53.1', revision: 'a36b8b1cd5757287168e54b817830adce9b0158d', time: '2016-06-30 19:26:09'
System info: host: 'QAauto4-PC', ip: '192.168.2.135', os.name: 'Windows 7', os.arch: 'amd64', os.version: '6.1', java.version: '1.8.0_102'
Driver info: org.openqa.selenium.chrome.ChromeDriver
Capabilities [{applicationCacheEnabled=false, rotatable=false, mobileEmulationEnabled=false, networkConnectionEnabled=false, chrome={chromedriverVersion=2.24.417431 (9aea000394714d2fbb20850021f6204f2256b9cf), userDataDir=C:\Users\AppautoSvc\AppData\Local\Google\Chrome\User Data\Default}, takesHeapSnapshot=true, pageLoadStrategy=normal, databaseEnabled=false, handlesAlerts=true, hasTouchScreen=false, version=56.0.2924.87, platform=XP, browserConnectionEnabled=false, nativeEvents=true, acceptSslCerts=true, locationContextEnabled=true, webStorageEnabled=true, browserName=chrome, takesScreenshot=true, javascriptEnabled=true, cssSelectorsEnabled=true}]
Session ID: 300501bd981a167d398d0cf24156d2ed" type="class org.openqa.selenium.TimeoutException">org.openqa.selenium.TimeoutException: Timed out after 45 seconds waiting for element to be clickable: By.cssSelector: .remember_me li span
    Build info: version: '2.53.1', revision: 'a36b8b1cd5757287168e54b817830adce9b0158d', time: '2016-06-30 19:26:09'
    System info: host: 'QAauto4-PC', ip: '192.168.2.135', os.name: 'Windows 7', os.arch: 'amd64', os.version: '6.1', java.version: '1.8.0_102'
    Driver info: org.openqa.selenium.chrome.ChromeDriver
    Capabilities [{applicationCacheEnabled=false, rotatable=false, mobileEmulationEnabled=false, networkConnectionEnabled=false, chrome={chromedriverVersion=2.24.417431 (9aea000394714d2fbb20850021f6204f2256b9cf), userDataDir=C:\Users\AppautoSvc\AppData\Local\Google\Chrome\User Data\Default}, takesHeapSnapshot=true, pageLoadStrategy=normal, databaseEnabled=false, handlesAlerts=true, hasTouchScreen=false, version=56.0.2924.87, platform=XP, browserConnectionEnabled=false, nativeEvents=true, acceptSslCerts=true, locationContextEnabled=true, webStorageEnabled=true, browserName=chrome, takesScreenshot=true, javascriptEnabled=true, cssSelectorsEnabled=true}]
    Session ID: 300501bd981a167d398d0cf24156d2ed
    at org.openqa.selenium.support.ui.WebDriverWait.timeoutException(WebDriverWait.java:80)
    at org.openqa.selenium.support.ui.FluentWait.until(FluentWait.java:261)
    at com.webydo.automation.infra.dashboard.pages.LoginPage.doLogin(LoginPage.java:78)
    at com.webydo.automation.infra.dashboard.pages.LoginPage.doLogin(LoginPage.java:177)
    at com.webydo.automation.dashboard.systemtests.InitDashboardTest.prepareDashboardEnter(InitDashboardTest.java:103)
    at com.webydo.automation.studio.dms.systemtests.init.InitDesktopTests.setUp(InitDesktopTests.java:81)
    at com.webydo.automation.dashboard.systemtests.InitDashboardTest.setUp(InitDashboardTest.java:34)
    at sun.reflect.GeneratedMethodAccessor85.invoke(Unknown Source)
    at sun.reflect.DelegatingMethodAccessorImpl.invoke(DelegatingMethodAccessorImpl.java:43)
    at java.lang.reflect.Method.invoke(Method.java:498)
    at org.junit.internal.runners.MethodRoadie.runBefores(MethodRoadie.java:129)
    at org.junit.internal.runners.MethodRoadie.runBeforesThenTestThenAfters(MethodRoadie.java:93)
    at org.junit.internal.runners.MethodRoadie.runTest(MethodRoadie.java:84)
    at org.junit.internal.runners.MethodRoadie.run(MethodRoadie.java:49)
    at org.junit.internal.runners.JUnit4ClassRunner.invokeTestMethod(JUnit4ClassRunner.java:98)
    at org.junit.internal.runners.JUnit4ClassRunner.runMethods(JUnit4ClassRunner.java:61)
    at org.junit.internal.runners.JUnit4ClassRunner$1.run(JUnit4ClassRunner.java:54)
    at org.junit.internal.runners.ClassRoadie.runUnprotected(ClassRoadie.java:34)
    at org.junit.internal.runners.ClassRoadie.runProtected(ClassRoadie.java:44)
    at org.junit.internal.runners.JUnit4ClassRunner.run(JUnit4ClassRunner.java:52)
    at junit.framework.JSystemJUnit4ClassRunner.run(JSystemJUnit4ClassRunner.java:250)
    at junit.framework.JUnit4TestAdapterForJSystem.run(JUnit4TestAdapterForJSystem.java:86)
    at com.aqua.anttask.jsystem.JUnitTestRunner.run(JUnitTestRunner.java:461)
    at com.aqua.anttask.jsystem.JSystemTask.executeInVM(JSystemTask.java:1388)
    at com.aqua.anttask.jsystem.JSystemTask.execute(JSystemTask.java:957)
    at com.aqua.anttask.jsystem.JSystemTask.executeOrQueue(JSystemTask.java:1806)
    at com.aqua.anttask.jsystem.JSystemTask.execute(JSystemTask.java:897)
    at org.apache.tools.ant.UnknownElement.execute(UnknownElement.java:288)
    at sun.reflect.GeneratedMethodAccessor25.invoke(Unknown Source)
    at sun.reflect.DelegatingMethodAccessorImpl.invoke(DelegatingMethodAccessorImpl.java:43)
    at java.lang.reflect.Method.invoke(Method.java:498)
    at org.apache.tools.ant.dispatch.DispatchUtils.execute(DispatchUtils.java:105)
    at org.apache.tools.ant.Task.perform(Task.java:348)
    at org.apache.tools.ant.Target.execute(Target.java:357)
    at org.apache.tools.ant.Target.performTasks(Target.java:385)
    at org.apache.tools.ant.Project.executeSortedTargets(Project.java:1329)
    at org.apache.tools.ant.helper.SingleCheckExecutor.executeTargets(SingleCheckExecutor.java:38)
    at org.apache.tools.ant.Project.executeTargets(Project.java:1181)
    at org.apache.tools.ant.taskdefs.Ant.execute(Ant.java:416)
    at net.sf.antcontrib.logic.AntCallBack.execute(AntCallBack.java:54)
    at org.apache.tools.ant.UnknownElement.execute(UnknownElement.java:288)
    at sun.reflect.GeneratedMethodAccessor25.invoke(Unknown Source)
    at sun.reflect.DelegatingMethodAccessorImpl.invoke(DelegatingMethodAccessorImpl.java:43)
    at java.lang.reflect.Method.invoke(Method.java:498)
    at org.apache.tools.ant.dispatch.DispatchUtils.execute(DispatchUtils.java:105)
    at org.apache.tools.ant.Task.perform(Task.java:348)
    at org.apache.tools.ant.Target.execute(Target.java:357)
    at org.apache.tools.ant.Target.performTasks(Target.java:385)
    at org.apache.tools.ant.Project.executeSortedTargets(Project.java:1329)
    at org.apache.tools.ant.Project.executeTarget(Project.java:1298)
    at org.jsystemtest.plugin.JSystemMojo.executeSingleScenario(JSystemMojo.java:167)
    at org.jsystemtest.plugin.JSystemMojo.execute(JSystemMojo.java:132)
    at org.apache.maven.plugin.DefaultBuildPluginManager.executeMojo(DefaultBuildPluginManager.java:134)
    at org.apache.maven.lifecycle.internal.MojoExecutor.execute(MojoExecutor.java:207)
    at org.apache.maven.lifecycle.internal.MojoExecutor.execute(MojoExecutor.java:153)
    at org.apache.maven.lifecycle.internal.MojoExecutor.execute(MojoExecutor.java:145)
    at org.apache.maven.lifecycle.internal.LifecycleModuleBuilder.buildProject(LifecycleModuleBuilder.java:116)
    at org.apache.maven.lifecycle.internal.LifecycleModuleBuilder.buildProject(LifecycleModuleBuilder.java:80)
    at org.apache.maven.lifecycle.internal.builder.singlethreaded.SingleThreadedBuilder.build(SingleThreadedBuilder.java:51)
    at org.apache.maven.lifecycle.internal.LifecycleStarter.execute(LifecycleStarter.java:128)
    at org.apache.maven.DefaultMaven.doExecute(DefaultMaven.java:307)
    at org.apache.maven.DefaultMaven.doExecute(DefaultMaven.java:193)
    at org.apache.maven.DefaultMaven.execute(DefaultMaven.java:106)
    at org.apache.maven.cli.MavenCli.execute(MavenCli.java:863)
    at org.apache.maven.cli.MavenCli.doMain(MavenCli.java:288)
    at org.apache.maven.cli.MavenCli.main(MavenCli.java:199)
    at sun.reflect.NativeMethodAccessorImpl.invoke0(Native Method)
    at sun.reflect.NativeMethodAccessorImpl.invoke(NativeMethodAccessorImpl.java:62)
    at sun.reflect.DelegatingMethodAccessorImpl.invoke(DelegatingMethodAccessorImpl.java:43)
    at java.lang.reflect.Method.invoke(Method.java:498)
    at org.codehaus.plexus.classworlds.launcher.Launcher.launchEnhanced(Launcher.java:289)
    at org.codehaus.plexus.classworlds.launcher.Launcher.launch(Launcher.java:229)
    at org.codehaus.plexus.classworlds.launcher.Launcher.mainWithExitCode(Launcher.java:415)
    at org.codehaus.plexus.classworlds.launcher.Launcher.main(Launcher.java:356)
        </error>
    </testcase>
    <testcase classname="com.webydo.automation.dashboard.systemtests.dashboardSite.DomainAndEmailSettings" name="getGmailLinkTest" time="26.1"/>
    <testcase classname="com.webydo.automation.dashboard.systemtests.dashboardSite.DomainAndEmailSettings" name="learnHowToSetUpDomainLinkTest" time="35.229"/>
    <testcase classname="jsystem.framework.sut.ChangeSutTest" name="changeSut" time="0.006"/>
    <testcase classname="com.webydo.automation.dashboard.systemtests.dashboardSite.DomainAndEmailSettings" name="addNewDomainTest" time="80.027"/>
</testsuite>